Added Component: Designator=C1(Capacity_0805_SMD)
Add component. Clean all parameters for all variants
Added Component: Designator=C2(Capacity_0805_SMD)
Add component. Clean all parameters for all variants
Added Component: Designator=C3(Capacity_0805_SMD)
Add component. Clean all parameters for all variants
Added Component: Designator=C4(Capacity_0805_SMD)
Add component. Clean all parameters for all variants
Added Component: Designator=C5(Capacity_0805_SMD)
Add component. Clean all parameters for all variants
Added Component: Designator=C6(Capacity_0805_SMD)
Add component. Clean all parameters for all variants
Added Component: Designator=C7(Capacity_0805_SMD)
Add component. Clean all parameters for all variants
Added Component: Designator=C8(Capacity_0805_SMD)
Add component. Clean all parameters for all variants
Added Component: Designator=C9(Capacity_0805_SMD)
Add component. Clean all parameters for all variants
Added Component: Designator=C10(Capacity_0805_SMD)
Add component. Clean all parameters for all variants
Added Component: Designator=C11(Capacity_0805_SMD)
Add component. Clean all parameters for all variants
Added Component: Designator=C12(Capacity_0805_SMD)
Add component. Clean all parameters for all variants
Added Component: Designator=C13(Capacity_0805_SMD)
Add component. Clean all parameters for all variants
Added Component: Designator=C14(Capacity_0805_SMD)
Add component. Clean all parameters for all variants
Added Component: Designator=C15(Capacity_0805_SMD)
Add component. Clean all parameters for all variants
Added Component: Designator=C16(Capacity_0805_SMD)
Add component. Clean all parameters for all variants
Added Component: Designator=H2(Header_2.54_1X4_TH)
Add component. Clean all parameters for all variants
Added Component: Designator=H3(Header_2.54_1X4_TH)
Add component. Clean all parameters for all variants
Added Component: Designator=H4(Header_2.54_1X2_TH)
Add component. Clean all parameters for all variants
Added Component: Designator=LED1(LED_0805_SMD)
Add component. Clean all parameters for all variants
Added Component: Designator=R1(Resistance_0805_SMD)
Add component. Clean all parameters for all variants
Added Component: Designator=R2(Resistance_0805_SMD)
Add component. Clean all parameters for all variants
Added Component: Designator=R3(Resistance_0805_SMD)
Add component. Clean all parameters for all variants
Added Component: Designator=R4(Resistance_0805_SMD)
Add component. Clean all parameters for all variants
Added Component: Designator=R5(Resistance_0805_SMD)
Add component. Clean all parameters for all variants
Added Component: Designator=R6(Resistance_0805_SMD)
Add component. Clean all parameters for all variants
Added Component: Designator=R7(Resistance_0805_SMD)
Add component. Clean all parameters for all variants
Added Component: Designator=R8(Resistance_0805_SMD)
Add component. Clean all parameters for all variants
Added Component: Designator=R9(Resistance_0805_SMD)
Add component. Clean all parameters for all variants
Added Component: Designator=R10(Resistance_0805_SMD)
Add component. Clean all parameters for all variants
Added Component: Designator=R11(Resistance_0805_SMD)
Add component. Clean all parameters for all variants
Added Component: Designator=R12(Resistance_0805_SMD)
Add component. Clean all parameters for all variants
Added Component: Designator=R13(Resistance_0805_SMD)
Add component. Clean all parameters for all variants
Added Component: Designator=R14(Resistance_0805_SMD)
Add component. Clean all parameters for all variants
Added Component: Designator=U1(AMS1117)
Add component. Clean all parameters for all variants
Added Component: Designator=U2(ESP_WROOM_02)
Add component. Clean all parameters for all variants
Added Component: Designator=U3(SOIC-16)
Add component. Clean all parameters for all variants
Added Component: Designator=U4(VS1838B)
Add component. Clean all parameters for all variants
Added Component: Designator=U5(SOT-23)
Add component. Clean all parameters for all variants
Added Pin To Net: NetName=3V3 Pin=C2-2
Added Pin To Net: NetName=3V3 Pin=C3-2
Added Pin To Net: NetName=3V3 Pin=C4-2
Added Pin To Net: NetName=3V3 Pin=C7-1
Added Pin To Net: NetName=3V3 Pin=C16-1
Added Pin To Net: NetName=3V3 Pin=H2-3
Added Pin To Net: NetName=3V3 Pin=H3-2
Added Pin To Net: NetName=3V3 Pin=LED1-1
Added Pin To Net: NetName=3V3 Pin=R1-2
Added Pin To Net: NetName=3V3 Pin=R2-2
Added Pin To Net: NetName=3V3 Pin=R3-2
Added Pin To Net: NetName=3V3 Pin=R4-2
Added Pin To Net: NetName=3V3 Pin=R5-2
Added Pin To Net: NetName=3V3 Pin=R6-2
Added Pin To Net: NetName=3V3 Pin=R8-2
Added Pin To Net: NetName=3V3 Pin=R9-2
Added Pin To Net: NetName=3V3 Pin=R10-2
Added Pin To Net: NetName=3V3 Pin=R11-2
Added Pin To Net: NetName=3V3 Pin=R12-2
Added Pin To Net: NetName=3V3 Pin=R13-1
Added Pin To Net: NetName=3V3 Pin=U1-2
Added Pin To Net: NetName=3V3 Pin=U2-1
Added Pin To Net: NetName=3V3 Pin=U3-16
Added Pin To Net: NetName=3V3 Pin=U4-3
Added Net: Name=3V3
Added Pin To Net: NetName=BOOT Pin=U2-8
Added Net: Name=BOOT
Added Pin To Net: NetName=EN Pin=C6-2
Added Pin To Net: NetName=EN Pin=R2-1
Added Pin To Net: NetName=EN Pin=U2-2
Added Net: Name=EN
Added Pin To Net: NetName=GND Pin=C1-1
Added Pin To Net: NetName=GND Pin=C2-1
Added Pin To Net: NetName=GND Pin=C3-1
Added Pin To Net: NetName=GND Pin=C4-1
Added Pin To Net: NetName=GND Pin=C5-1
Added Pin To Net: NetName=GND Pin=C6-1
Added Pin To Net: NetName=GND Pin=C7-2
Added Pin To Net: NetName=GND Pin=C8-1
Added Pin To Net: NetName=GND Pin=C9-1
Added Pin To Net: NetName=GND Pin=C10-1
Added Pin To Net: NetName=GND Pin=C11-1
Added Pin To Net: NetName=GND Pin=C12-1
Added Pin To Net: NetName=GND Pin=C13-1
Added Pin To Net: NetName=GND Pin=C14-1
Added Pin To Net: NetName=GND Pin=C15-1
Added Pin To Net: NetName=GND Pin=C16-2
Added Pin To Net: NetName=GND Pin=H2-4
Added Pin To Net: NetName=GND Pin=H3-1
Added Pin To Net: NetName=GND Pin=LED1-2
Added Pin To Net: NetName=GND Pin=R7-2
Added Pin To Net: NetName=GND Pin=U1-1
Added Pin To Net: NetName=GND Pin=U2-9
Added Pin To Net: NetName=GND Pin=U2-13
Added Pin To Net: NetName=GND Pin=U2-18
Added Pin To Net: NetName=GND Pin=U2-19
Added Pin To Net: NetName=GND Pin=U3-5
Added Pin To Net: NetName=GND Pin=U3-8
Added Pin To Net: NetName=GND Pin=U4-2
Added Pin To Net: NetName=GND Pin=U5-3
Added Net: Name=GND
Added Pin To Net: NetName=IIC_SCL Pin=H3-3
Added Pin To Net: NetName=IIC_SCL Pin=U2-4
Added Net: Name=IIC_SCL
Added Pin To Net: NetName=IIC_SDA Pin=H3-4
Added Pin To Net: NetName=IIC_SDA Pin=U2-5
Added Net: Name=IIC_SDA
Added Pin To Net: NetName=IR_READ Pin=R13-2
Added Pin To Net: NetName=IR_READ Pin=U2-14
Added Pin To Net: NetName=IR_READ Pin=U4-1
Added Net: Name=IR_READ
Added Pin To Net: NetName=IR_WRITE Pin=R14-2
Added Pin To Net: NetName=IR_WRITE Pin=U2-3
Added Net: Name=IR_WRITE
Added Pin To Net: NetName=KEY1 Pin=C8-2
Added Pin To Net: NetName=KEY1 Pin=R3-1
Added Pin To Net: NetName=KEY1 Pin=U3-1
Added Net: Name=KEY1
Added Pin To Net: NetName=KEY2 Pin=C9-2
Added Pin To Net: NetName=KEY2 Pin=R4-1
Added Pin To Net: NetName=KEY2 Pin=U3-2
Added Net: Name=KEY2
Added Pin To Net: NetName=KEY3 Pin=C10-2
Added Pin To Net: NetName=KEY3 Pin=R5-1
Added Pin To Net: NetName=KEY3 Pin=U3-3
Added Net: Name=KEY3
Added Pin To Net: NetName=KEY4 Pin=C11-2
Added Pin To Net: NetName=KEY4 Pin=R6-1
Added Pin To Net: NetName=KEY4 Pin=U3-4
Added Net: Name=KEY4
Added Pin To Net: NetName=KEY5 Pin=C12-2
Added Pin To Net: NetName=KEY5 Pin=R8-1
Added Pin To Net: NetName=KEY5 Pin=U3-13
Added Net: Name=KEY5
Added Pin To Net: NetName=KEY6 Pin=C13-2
Added Pin To Net: NetName=KEY6 Pin=R9-1
Added Pin To Net: NetName=KEY6 Pin=U3-12
Added Net: Name=KEY6
Added Pin To Net: NetName=KEY7 Pin=C14-2
Added Pin To Net: NetName=KEY7 Pin=R10-1
Added Pin To Net: NetName=KEY7 Pin=U3-11
Added Net: Name=KEY7
Added Pin To Net: NetName=KEY8 Pin=C15-2
Added Pin To Net: NetName=KEY8 Pin=R11-1
Added Pin To Net: NetName=KEY8 Pin=U3-10
Added Net: Name=KEY8
Added Pin To Net: NetName=NetC1_2 Pin=C1-2
Added Pin To Net: NetName=NetC1_2 Pin=U1-3
Added Net: Name=NetC1_2
Added Pin To Net: NetName=NetH4_1 Pin=H4-1
Added Pin To Net: NetName=NetH4_1 Pin=R12-1
Added Net: Name=NetH4_1
Added Pin To Net: NetName=NetH4_2 Pin=H4-2
Added Pin To Net: NetName=NetH4_2 Pin=U5-2
Added Net: Name=NetH4_2
Added Pin To Net: NetName=NetR7_1 Pin=R7-1
Added Pin To Net: NetName=NetR7_1 Pin=U2-6
Added Net: Name=NetR7_1
Added Pin To Net: NetName=NetR14_1 Pin=R14-1
Added Pin To Net: NetName=NetR14_1 Pin=U5-1
Added Net: Name=NetR14_1
Added Pin To Net: NetName=OUT0 Pin=U2-17
Added Pin To Net: NetName=OUT0 Pin=U3-9
Added Net: Name=OUT0
Added Pin To Net: NetName=OUT1 Pin=U2-7
Added Pin To Net: NetName=OUT1 Pin=U3-7
Added Net: Name=OUT1
Added Pin To Net: NetName=OUT2 Pin=U2-10
Added Pin To Net: NetName=OUT2 Pin=U3-6
Added Net: Name=OUT2
Added Pin To Net: NetName=RST Pin=C5-2
Added Pin To Net: NetName=RST Pin=R1-1
Added Pin To Net: NetName=RST Pin=U2-15
Added Net: Name=RST
Added Pin To Net: NetName=RX Pin=H2-2
Added Pin To Net: NetName=RX Pin=U2-11
Added Net: Name=RX
Added Pin To Net: NetName=TX Pin=H2-1
Added Pin To Net: NetName=TX Pin=U2-12
Added Net: Name=TX
Added Class: Name=Sheet1
