Added Component: Designator=H1(TYPEC_SMD_6P)
Add component. Clean all parameters for all variants
Added Component: Designator=SW1(SW_6.0*6.0_SMD)
Add component. Clean all parameters for all variants
Added Component: Designator=SW2(SW_6.0*6.0_SMD)
Add component. Clean all parameters for all variants
Added Component: Designator=SW3(SW_6.0*6.0_SMD)
Add component. Clean all parameters for all variants
Added Component: Designator=SW4(SW_6.0*6.0_SMD)
Add component. Clean all parameters for all variants
Added Component: Designator=SW5(SW_6.0*6.0_SMD)
Add component. Clean all parameters for all variants
Added Component: Designator=SW6(SW_6.0*6.0_SMD)
Add component. Clean all parameters for all variants
Added Component: Designator=SW7(SW_6.0*6.0_SMD)
Add component. Clean all parameters for all variants
Added Component: Designator=SW8(SW_6.0*6.0_SMD)
Add component. Clean all parameters for all variants
Added Component: Designator=SW9(SW_6.0*6.0_SMD)
Add component. Clean all parameters for all variants
Added Component: Designator=SW10(SW_6.0*6.0_SMD)
Add component. Clean all parameters for all variants
Added Pin To Net: NetName=NetC1_2 Pin=H1-A9
Added Pin To Net: NetName=GND Pin=H1-A12
Added Pin To Net: NetName=NetC1_2 Pin=H1-B9
Added Pin To Net: NetName=GND Pin=H1-B12
Added Pin To Net: NetName=BOOT Pin=SW1-2
Added Pin To Net: NetName=GND Pin=SW1-4
Added Pin To Net: NetName=RST Pin=SW2-2
Added Pin To Net: NetName=GND Pin=SW2-4
Added Pin To Net: NetName=KEY1 Pin=SW3-2
Added Pin To Net: NetName=GND Pin=SW3-4
Added Pin To Net: NetName=KEY2 Pin=SW4-2
Added Pin To Net: NetName=GND Pin=SW4-4
Added Pin To Net: NetName=KEY3 Pin=SW5-2
Added Pin To Net: NetName=GND Pin=SW5-4
Added Pin To Net: NetName=KEY4 Pin=SW6-2
Added Pin To Net: NetName=GND Pin=SW6-4
Added Pin To Net: NetName=KEY5 Pin=SW7-2
Added Pin To Net: NetName=GND Pin=SW7-4
Added Pin To Net: NetName=KEY6 Pin=SW8-2
Added Pin To Net: NetName=GND Pin=SW8-4
Added Pin To Net: NetName=KEY7 Pin=SW9-2
Added Pin To Net: NetName=GND Pin=SW9-4
Added Pin To Net: NetName=KEY8 Pin=SW10-2
Added Pin To Net: NetName=GND Pin=SW10-4
Added Member To Class: ClassName=Sheet1 Member=Component H1 POWER
Added Member To Class: ClassName=Sheet1 Member=Component SW1 BOOT
Added Member To Class: ClassName=Sheet1 Member=Component SW2 RST
Added Member To Class: ClassName=Sheet1 Member=Component SW3 KEY1
Added Member To Class: ClassName=Sheet1 Member=Component SW4 KEY2
Added Member To Class: ClassName=Sheet1 Member=Component SW5 KEY3
Added Member To Class: ClassName=Sheet1 Member=Component SW6 KEY4
Added Member To Class: ClassName=Sheet1 Member=Component SW7 KEY5
Added Member To Class: ClassName=Sheet1 Member=Component SW8 KEY6
Added Member To Class: ClassName=Sheet1 Member=Component SW9 KEY7
Added Member To Class: ClassName=Sheet1 Member=Component SW10 KEY8
